/app/build-agent.yaml:1:1: [warning] missing document start "---" (document-start)
/app/build-agent.yaml:40:7: [error] wrong indentation: expected 8 but found 6 (indentation)
/app/build-agent.yaml:42:7: [error] wrong indentation: expected 8 but found 6 (indentation)
/app/build-agent.yaml:44:7: [error] wrong indentation: expected 8 but found 6 (indentation)
/app/build-agent.yaml:59:7: [warning] comment not indented like content (comments-indentation)
/app/pod.yaml:1:1: [warning] missing document start "---" (document-start)
/app/doc/dependency_decisions.yml:4:10: [error] trailing spaces (trailing-spaces)
/app/doc/dependency_decisions.yml:5:10: [error] trailing spaces (trailing-spaces)
/app/doc/dependency_decisions.yml:10:10: [error] trailing spaces (trailing-spaces)
/app/doc/dependency_decisions.yml:11:10: [error] trailing spaces (trailing-spaces)
/app/doc/dependency_decisions.yml:16:10: [error] trailing spaces (trailing-spaces)
/app/doc/dependency_decisions.yml:17:10: [error] trailing spaces (trailing-spaces)
/app/doc/dependency_decisions.yml:22:10: [error] trailing spaces (trailing-spaces)
/app/doc/dependency_decisions.yml:23:10: [error] trailing spaces (trailing-spaces)
/app/doc/dependency_decisions.yml:28:10: [error] trailing spaces (trailing-spaces)
/app/doc/dependency_decisions.yml:29:10: [error] trailing spaces (trailing-spaces)
/app/doc/dependency_decisions.yml:34:10: [error] trailing spaces (trailing-spaces)
/app/doc/dependency_decisions.yml:35:10: [error] trailing spaces (trailing-spaces)
/app/doc/dependency_decisions.yml:40:10: [error] trailing spaces (trailing-spaces)
/app/doc/dependency_decisions.yml:41:10: [error] trailing spaces (trailing-spaces)
/app/doc/dependency_decisions.yml:43:5: [error] wrong indentation: expected 2 but found 4 (indentation)
/app/doc/dependency_decisions.yml:47:10: [error] trailing spaces (trailing-spaces)
/app/doc/dependency_decisions.yml:48:10: [error] trailing spaces (trailing-spaces)
/app/doc/dependency_decisions.yml:50:5: [error] wrong indentation: expected 2 but found 4 (indentation)
/app/doc/dependency_decisions.yml:54:10: [error] trailing spaces (trailing-spaces)
/app/doc/dependency_decisions.yml:55:10: [error] trailing spaces (trailing-spaces)
/app/doc/dependency_decisions.yml:57:5: [error] wrong indentation: expected 2 but found 4 (indentation)
/app/doc/dependency_decisions.yml:61:10: [error] trailing spaces (trailing-spaces)
/app/doc/dependency_decisions.yml:62:10: [error] trailing spaces (trailing-spaces)
/app/doc/dependency_decisions.yml:64:5: [error] wrong indentation: expected 2 but found 4 (indentation)
/app/doc/dependency_decisions.yml:68:10: [error] trailing spaces (trailing-spaces)
/app/doc/dependency_decisions.yml:69:10: [error] trailing spaces (trailing-spaces)
/app/doc/dependency_decisions.yml:71:5: [error] wrong indentation: expected 2 but found 4 (indentation)
